<?xml version="1.0" encoding="utf-8"?><testsuites name="pytest tests"><testsuite name="pytest" errors="0" failures="0" skipped="0" tests="16" time="1.011" timestamp="2026-01-13T04:39:54.519065+00:00" hostname="agent-env-0d90951c-12eb-45ca-8114-dd184c8fab11"><testcase classname="tests.test_atm_dashboard.TestHealthAndBasicEndpoints" name="test_root_endpoint" time="0.094" /><testcase classname="tests.test_atm_dashboard.TestHealthAndBasicEndpoints" name="test_reports_list" time="0.074" /><testcase classname="tests.test_atm_dashboard.TestReportSummary" name="test_get_summary_default" time="0.037" /><testcase classname="tests.test_atm_dashboard.TestTransactionEndpoints" name="test_get_transactions_detail" time="0.047" /><testcase classname="tests.test_atm_dashboard.TestTransactionEndpoints" name="test_get_terminal_summary" time="0.040" /><testcase classname="tests.test_atm_dashboard.TestDeleteReportEndpoint" name="test_delete_nonexistent_report_returns_404" time="0.041" /><testcase classname="tests.test_atm_dashboard.TestClearAllEndpoint" name="test_clear_all_returns_success" time="0.055" /><testcase classname="tests.test_atm_dashboard.TestClearAllEndpoint" name="test_verify_data_cleared" time="0.035" /><testcase classname="tests.test_atm_dashboard.TestATMActivationCRUD" name="test_get_activations_list" time="0.037" /><testcase classname="tests.test_atm_dashboard.TestATMActivationCRUD" name="test_create_activation" time="0.038" /><testcase classname="tests.test_atm_dashboard.TestATMActivationCRUD" name="test_update_activation" time="0.143" /><testcase classname="tests.test_atm_dashboard.TestATMActivationCRUD" name="test_delete_activation" time="0.105" /><testcase classname="tests.test_atm_dashboard.TestATMActivationCRUD" name="test_delete_nonexistent_activation_returns_404" time="0.034" /><testcase classname="tests.test_atm_dashboard.TestClearAllActivations" name="test_clear_all_activations" time="0.031" /><testcase classname="tests.test_atm_dashboard.TestSearchAndFilter" name="test_transaction_detail_with_status_filter" time="0.045" /><testcase classname="tests.test_atm_dashboard.TestSearchAndFilter" name="test_terminal_summary_with_search" time="0.033" /></testsuite></testsuites>